<?xml version="1.0" encoding="utf-8"?><testsuites name="pytest tests"><testsuite name="pytest" errors="22" failures="0" skipped="0" tests="22" time="59.212" timestamp="2025-09-09T20:51:33.109726-04:00" hostname="DESKTOP-5A5JJDG"><testcase classname="" name="project.personal-rag-copilot.tests.test_app" time="0.000"><error message="collection failure">ImportError while importing test module 'C:\Users\click\OneDrive\Documents\roo-sparc-agile-devops-boomerang-starter\project\personal-rag-copilot\tests\test_app.py'.
Hint: make sure your test modules/packages have valid Python names.
Traceback:
C:\Python313\Lib\importlib\__init__.py:88: in import_module
    return _bootstrap._gcd_import(name[level:], package, level)
           ^^^^^^^^^^^^^^^^^^^^^^^^^^^^^^^^^^^^^^^^^^^^^^^^^^^^
tests\test_app.py:5: in &lt;module&gt;
    from app import app
app.py:8: in &lt;module&gt;
    from src.ui import chat_page, ingest_page, evaluate_page, settings_page
src\ui\__init__.py:3: in &lt;module&gt;
    from .chat import chat_page
src\ui\chat.py:12: in &lt;module&gt;
    from ..evaluation.ragas_integration import (
src\evaluation\ragas_integration.py:12: in &lt;module&gt;
    from ragas import evaluate
E   ModuleNotFoundError: No module named 'ragas'</error></testcase><testcase classname="" name="project.personal-rag-copilot.tests.test_evaluation.test_audit_source" time="0.000"><error message="collection failure">ImportError while importing test module 'C:\Users\click\OneDrive\Documents\roo-sparc-agile-devops-boomerang-starter\project\personal-rag-copilot\tests\test_evaluation\test_audit_source.py'.
Hint: make sure your test modules/packages have valid Python names.
Traceback:
C:\Python313\Lib\importlib\__init__.py:88: in import_module
    return _bootstrap._gcd_import(name[level:], package, level)
           ^^^^^^^^^^^^^^^^^^^^^^^^^^^^^^^^^^^^^^^^^^^^^^^^^^^^
tests\test_evaluation\test_audit_source.py:7: in &lt;module&gt;
    from src.evaluation.ragas_integration import RagasEvaluator
src\evaluation\ragas_integration.py:12: in &lt;module&gt;
    from ragas import evaluate
E   ModuleNotFoundError: No module named 'ragas'</error></testcase><testcase classname="" name="project.personal-rag-copilot.tests.test_evaluation.test_ragas_integration" time="0.000"><error message="collection failure">ImportError while importing test module 'C:\Users\click\OneDrive\Documents\roo-sparc-agile-devops-boomerang-starter\project\personal-rag-copilot\tests\test_evaluation\test_ragas_integration.py'.
Hint: make sure your test modules/packages have valid Python names.
Traceback:
C:\Python313\Lib\importlib\__init__.py:88: in import_module
    return _bootstrap._gcd_import(name[level:], package, level)
           ^^^^^^^^^^^^^^^^^^^^^^^^^^^^^^^^^^^^^^^^^^^^^^^^^^^^
tests\test_evaluation\test_ragas_integration.py:8: in &lt;module&gt;
    from src.evaluation.ragas_integration import RagasEvaluator
src\evaluation\ragas_integration.py:12: in &lt;module&gt;
    from ragas import evaluate
E   ModuleNotFoundError: No module named 'ragas'</error></testcase><testcase classname="" name="project.personal-rag-copilot.tests.test_evaluation.test_recommendations" time="0.000"><error message="collection failure">ImportError while importing test module 'C:\Users\click\OneDrive\Documents\roo-sparc-agile-devops-boomerang-starter\project\personal-rag-copilot\tests\test_evaluation\test_recommendations.py'.
Hint: make sure your test modules/packages have valid Python names.
Traceback:
C:\Python313\Lib\importlib\__init__.py:88: in import_module
    return _bootstrap._gcd_import(name[level:], package, level)
           ^^^^^^^^^^^^^^^^^^^^^^^^^^^^^^^^^^^^^^^^^^^^^^^^^^^^
tests\test_evaluation\test_recommendations.py:8: in &lt;module&gt;
    from src.ui.evaluate import _load_dashboard, EVALUATOR
src\ui\__init__.py:3: in &lt;module&gt;
    from .chat import chat_page
src\ui\chat.py:12: in &lt;module&gt;
    from ..evaluation.ragas_integration import (
src\evaluation\ragas_integration.py:12: in &lt;module&gt;
    from ragas import evaluate
E   ModuleNotFoundError: No module named 'ragas'</error></testcase><testcase classname="" name="project.personal-rag-copilot.tests.test_query_service" time="0.000"><error message="collection failure">ImportError while importing test module 'C:\Users\click\OneDrive\Documents\roo-sparc-agile-devops-boomerang-starter\project\personal-rag-copilot\tests\test_query_service.py'.
Hint: make sure your test modules/packages have valid Python names.
Traceback:
C:\Python313\Lib\importlib\__init__.py:88: in import_module
    return _bootstrap._gcd_import(name[level:], package, level)
           ^^^^^^^^^^^^^^^^^^^^^^^^^^^^^^^^^^^^^^^^^^^^^^^^^^^^
tests\test_query_service.py:3: in &lt;module&gt;
    from src.query_service import QueryService
src\query_service.py:8: in &lt;module&gt;
    from src.retrieval.hybrid import HybridRetriever
src\retrieval\hybrid.py:10: in &lt;module&gt;
    from .lexical import LexicalBM25
src\retrieval\lexical.py:5: in &lt;module&gt;
    from rank_bm25 import BM25Okapi
E   ModuleNotFoundError: No module named 'rank_bm25'</error></testcase><testcase classname="" name="project.personal-rag-copilot.tests.test_ranking.test_rrf" time="0.000"><error message="collection failure">ImportError while importing test module 'C:\Users\click\OneDrive\Documents\roo-sparc-agile-devops-boomerang-starter\project\personal-rag-copilot\tests\test_ranking\test_rrf.py'.
Hint: make sure your test modules/packages have valid Python names.
Traceback:
C:\Python313\Lib\importlib\__init__.py:88: in import_module
    return _bootstrap._gcd_import(name[level:], package, level)
           ^^^^^^^^^^^^^^^^^^^^^^^^^^^^^^^^^^^^^^^^^^^^^^^^^^^^
tests\test_ranking\test_rrf.py:6: in &lt;module&gt;
    from src.retrieval.hybrid import HybridRetriever
src\retrieval\hybrid.py:10: in &lt;module&gt;
    from .lexical import LexicalBM25
src\retrieval\lexical.py:5: in &lt;module&gt;
    from rank_bm25 import BM25Okapi
E   ModuleNotFoundError: No module named 'rank_bm25'</error></testcase><testcase classname="" name="project.personal-rag-copilot.tests.test_retrieval.test_hybrid" time="0.000"><error message="collection failure">ImportError while importing test module 'C:\Users\click\OneDrive\Documents\roo-sparc-agile-devops-boomerang-starter\project\personal-rag-copilot\tests\test_retrieval\test_hybrid.py'.
Hint: make sure your test modules/packages have valid Python names.
Traceback:
C:\Python313\Lib\importlib\__init__.py:88: in import_module
    return _bootstrap._gcd_import(name[level:], package, level)
           ^^^^^^^^^^^^^^^^^^^^^^^^^^^^^^^^^^^^^^^^^^^^^^^^^^^^
tests\test_retrieval\test_hybrid.py:3: in &lt;module&gt;
    from src.retrieval.hybrid import HybridRetriever
src\retrieval\hybrid.py:10: in &lt;module&gt;
    from .lexical import LexicalBM25
src\retrieval\lexical.py:5: in &lt;module&gt;
    from rank_bm25 import BM25Okapi
E   ModuleNotFoundError: No module named 'rank_bm25'</error></testcase><testcase classname="" name="project.personal-rag-copilot.tests.test_retrieval.test_hybrid_rerank" time="0.000"><error message="collection failure">ImportError while importing test module 'C:\Users\click\OneDrive\Documents\roo-sparc-agile-devops-boomerang-starter\project\personal-rag-copilot\tests\test_retrieval\test_hybrid_rerank.py'.
Hint: make sure your test modules/packages have valid Python names.
Traceback:
C:\Python313\Lib\importlib\__init__.py:88: in import_module
    return _bootstrap._gcd_import(name[level:], package, level)
           ^^^^^^^^^^^^^^^^^^^^^^^^^^^^^^^^^^^^^^^^^^^^^^^^^^^^
tests\test_retrieval\test_hybrid_rerank.py:3: in &lt;module&gt;
    from src.retrieval.hybrid import HybridRetriever
src\retrieval\hybrid.py:10: in &lt;module&gt;
    from .lexical import LexicalBM25
src\retrieval\lexical.py:5: in &lt;module&gt;
    from rank_bm25 import BM25Okapi
E   ModuleNotFoundError: No module named 'rank_bm25'</error></testcase><testcase classname="" name="project.personal-rag-copilot.tests.test_retrieval.test_lexical" time="0.000"><error message="collection failure">ImportError while importing test module 'C:\Users\click\OneDrive\Documents\roo-sparc-agile-devops-boomerang-starter\project\personal-rag-copilot\tests\test_retrieval\test_lexical.py'.
Hint: make sure your test modules/packages have valid Python names.
Traceback:
C:\Python313\Lib\importlib\__init__.py:88: in import_module
    return _bootstrap._gcd_import(name[level:], package, level)
           ^^^^^^^^^^^^^^^^^^^^^^^^^^^^^^^^^^^^^^^^^^^^^^^^^^^^
tests\test_retrieval\test_lexical.py:3: in &lt;module&gt;
    from src.retrieval.lexical import LexicalBM25
src\retrieval\lexical.py:5: in &lt;module&gt;
    from rank_bm25 import BM25Okapi
E   ModuleNotFoundError: No module named 'rank_bm25'</error></testcase><testcase classname="" name="project.personal-rag-copilot.tests.test_retrieval.test_query_analysis" time="0.000"><error message="collection failure">ImportError while importing test module 'C:\Users\click\OneDrive\Documents\roo-sparc-agile-devops-boomerang-starter\project\personal-rag-copilot\tests\test_retrieval\test_query_analysis.py'.
Hint: make sure your test modules/packages have valid Python names.
Traceback:
C:\Python313\Lib\importlib\__init__.py:88: in import_module
    return _bootstrap._gcd_import(name[level:], package, level)
           ^^^^^^^^^^^^^^^^^^^^^^^^^^^^^^^^^^^^^^^^^^^^^^^^^^^^
tests\test_retrieval\test_query_analysis.py:5: in &lt;module&gt;
    from src.retrieval.query_analysis import analyze_query
src\retrieval\query_analysis.py:8: in &lt;module&gt;
    from .lexical import LexicalBM25
src\retrieval\lexical.py:5: in &lt;module&gt;
    from rank_bm25 import BM25Okapi
E   ModuleNotFoundError: No module named 'rank_bm25'</error></testcase><testcase classname="" name="project.personal-rag-copilot.tests.test_retrieval.test_smoke_integration" time="0.000"><error message="collection failure">ImportError while importing test module 'C:\Users\click\OneDrive\Documents\roo-sparc-agile-devops-boomerang-starter\project\personal-rag-copilot\tests\test_retrieval\test_smoke_integration.py'.
Hint: make sure your test modules/packages have valid Python names.
Traceback:
C:\Python313\Lib\importlib\__init__.py:88: in import_module
    return _bootstrap._gcd_import(name[level:], package, level)
           ^^^^^^^^^^^^^^^^^^^^^^^^^^^^^^^^^^^^^^^^^^^^^^^^^^^^
tests\test_retrieval\test_smoke_integration.py:1: in &lt;module&gt;
    from src.services import get_document_service, get_query_service
src\services\__init__.py:15: in &lt;module&gt;
    from src.query_service import QueryService
src\query_service.py:8: in &lt;module&gt;
    from src.retrieval.hybrid import HybridRetriever
src\retrieval\hybrid.py:10: in &lt;module&gt;
    from .lexical import LexicalBM25
src\retrieval\lexical.py:5: in &lt;module&gt;
    from rank_bm25 import BM25Okapi
E   ModuleNotFoundError: No module named 'rank_bm25'</error></testcase><testcase classname="" name="project.personal-rag-copilot.tests.test_services.test_document_service" time="0.000"><error message="collection failure">ImportError while importing test module 'C:\Users\click\OneDrive\Documents\roo-sparc-agile-devops-boomerang-starter\project\personal-rag-copilot\tests\test_services\test_document_service.py'.
Hint: make sure your test modules/packages have valid Python names.
Traceback:
C:\Python313\Lib\importlib\__init__.py:88: in import_module
    return _bootstrap._gcd_import(name[level:], package, level)
           ^^^^^^^^^^^^^^^^^^^^^^^^^^^^^^^^^^^^^^^^^^^^^^^^^^^^
tests\test_services\test_document_service.py:9: in &lt;module&gt;
    from src.services.document_service import DocumentService
src\services\__init__.py:15: in &lt;module&gt;
    from src.query_service import QueryService
src\query_service.py:8: in &lt;module&gt;
    from src.retrieval.hybrid import HybridRetriever
src\retrieval\hybrid.py:10: in &lt;module&gt;
    from .lexical import LexicalBM25
src\retrieval\lexical.py:5: in &lt;module&gt;
    from rank_bm25 import BM25Okapi
E   ModuleNotFoundError: No module named 'rank_bm25'</error></testcase><testcase classname="" name="project.personal-rag-copilot.tests.test_services.test_index_management" time="0.000"><error message="collection failure">ImportError while importing test module 'C:\Users\click\OneDrive\Documents\roo-sparc-agile-devops-boomerang-starter\project\personal-rag-copilot\tests\test_services\test_index_management.py'.
Hint: make sure your test modules/packages have valid Python names.
Traceback:
C:\Python313\Lib\importlib\__init__.py:88: in import_module
    return _bootstrap._gcd_import(name[level:], package, level)
           ^^^^^^^^^^^^^^^^^^^^^^^^^^^^^^^^^^^^^^^^^^^^^^^^^^^^
tests\test_services\test_index_management.py:8: in &lt;module&gt;
    from src.services.index_management import IndexManagement
src\services\__init__.py:15: in &lt;module&gt;
    from src.query_service import QueryService
src\query_service.py:8: in &lt;module&gt;
    from src.retrieval.hybrid import HybridRetriever
src\retrieval\hybrid.py:10: in &lt;module&gt;
    from .lexical import LexicalBM25
src\retrieval\lexical.py:5: in &lt;module&gt;
    from rank_bm25 import BM25Okapi
E   ModuleNotFoundError: No module named 'rank_bm25'</error></testcase><testcase classname="" name="project.personal-rag-copilot.tests.test_ui.test_chat" time="0.000"><error message="collection failure">ImportError while importing test module 'C:\Users\click\OneDrive\Documents\roo-sparc-agile-devops-boomerang-starter\project\personal-rag-copilot\tests\test_ui\test_chat.py'.
Hint: make sure your test modules/packages have valid Python names.
Traceback:
C:\Python313\Lib\importlib\__init__.py:88: in import_module
    return _bootstrap._gcd_import(name[level:], package, level)
           ^^^^^^^^^^^^^^^^^^^^^^^^^^^^^^^^^^^^^^^^^^^^^^^^^^^^
tests\test_ui\test_chat.py:9: in &lt;module&gt;
    from src.evaluation.ragas_integration import (
src\evaluation\ragas_integration.py:12: in &lt;module&gt;
    from ragas import evaluate
E   ModuleNotFoundError: No module named 'ragas'</error></testcase><testcase classname="" name="project.personal-rag-copilot.tests.test_ui.test_evaluate" time="0.000"><error message="collection failure">ImportError while importing test module 'C:\Users\click\OneDrive\Documents\roo-sparc-agile-devops-boomerang-starter\project\personal-rag-copilot\tests\test_ui\test_evaluate.py'.
Hint: make sure your test modules/packages have valid Python names.
Traceback:
C:\Python313\Lib\importlib\__init__.py:88: in import_module
    return _bootstrap._gcd_import(name[level:], package, level)
           ^^^^^^^^^^^^^^^^^^^^^^^^^^^^^^^^^^^^^^^^^^^^^^^^^^^^
tests\test_ui\test_evaluate.py:11: in &lt;module&gt;
    from src.evaluation.ragas_integration import EvaluationResult
src\evaluation\ragas_integration.py:12: in &lt;module&gt;
    from ragas import evaluate
E   ModuleNotFoundError: No module named 'ragas'</error></testcase><testcase classname="" name="project.personal-rag-copilot.tests.test_ui.test_gradio_integration" time="0.000"><error message="collection failure">ImportError while importing test module 'C:\Users\click\OneDrive\Documents\roo-sparc-agile-devops-boomerang-starter\project\personal-rag-copilot\tests\test_ui\test_gradio_integration.py'.
Hint: make sure your test modules/packages have valid Python names.
Traceback:
C:\Python313\Lib\importlib\__init__.py:88: in import_module
    return _bootstrap._gcd_import(name[level:], package, level)
           ^^^^^^^^^^^^^^^^^^^^^^^^^^^^^^^^^^^^^^^^^^^^^^^^^^^^
tests\test_ui\test_gradio_integration.py:5: in &lt;module&gt;
    from src.ui.chat import chat_page
src\ui\__init__.py:3: in &lt;module&gt;
    from .chat import chat_page
src\ui\chat.py:12: in &lt;module&gt;
    from ..evaluation.ragas_integration import (
src\evaluation\ragas_integration.py:12: in &lt;module&gt;
    from ragas import evaluate
E   ModuleNotFoundError: No module named 'ragas'</error></testcase><testcase classname="" name="project.personal-rag-copilot.tests.test_ui.test_ingest" time="0.000"><error message="collection failure">ImportError while importing test module 'C:\Users\click\OneDrive\Documents\roo-sparc-agile-devops-boomerang-starter\project\personal-rag-copilot\tests\test_ui\test_ingest.py'.
Hint: make sure your test modules/packages have valid Python names.
Traceback:
C:\Python313\Lib\importlib\__init__.py:88: in import_module
    return _bootstrap._gcd_import(name[level:], package, level)
           ^^^^^^^^^^^^^^^^^^^^^^^^^^^^^^^^^^^^^^^^^^^^^^^^^^^^
tests\test_ui\test_ingest.py:9: in &lt;module&gt;
    from src.ui import ingest as ingest_module
src\ui\__init__.py:3: in &lt;module&gt;
    from .chat import chat_page
src\ui\chat.py:12: in &lt;module&gt;
    from ..evaluation.ragas_integration import (
src\evaluation\ragas_integration.py:12: in &lt;module&gt;
    from ragas import evaluate
E   ModuleNotFoundError: No module named 'ragas'</error></testcase><testcase classname="" name="project.personal-rag-copilot.tests.test_ui.test_ingest_queue" time="0.000"><error message="collection failure">ImportError while importing test module 'C:\Users\click\OneDrive\Documents\roo-sparc-agile-devops-boomerang-starter\project\personal-rag-copilot\tests\test_ui\test_ingest_queue.py'.
Hint: make sure your test modules/packages have valid Python names.
Traceback:
C:\Python313\Lib\importlib\__init__.py:88: in import_module
    return _bootstrap._gcd_import(name[level:], package, level)
           ^^^^^^^^^^^^^^^^^^^^^^^^^^^^^^^^^^^^^^^^^^^^^^^^^^^^
tests\test_ui\test_ingest_queue.py:9: in &lt;module&gt;
    from src.ui.ingest import _queue_files, _process_all, _document_service
src\ui\__init__.py:3: in &lt;module&gt;
    from .chat import chat_page
src\ui\chat.py:12: in &lt;module&gt;
    from ..evaluation.ragas_integration import (
src\evaluation\ragas_integration.py:12: in &lt;module&gt;
    from ragas import evaluate
E   ModuleNotFoundError: No module named 'ragas'</error></testcase><testcase classname="" name="project.personal-rag-copilot.tests.test_ui.test_response_generation" time="0.000"><error message="collection failure">ImportError while importing test module 'C:\Users\click\OneDrive\Documents\roo-sparc-agile-devops-boomerang-starter\project\personal-rag-copilot\tests\test_ui\test_response_generation.py'.
Hint: make sure your test modules/packages have valid Python names.
Traceback:
C:\Python313\Lib\importlib\__init__.py:88: in import_module
    return _bootstrap._gcd_import(name[level:], package, level)
           ^^^^^^^^^^^^^^^^^^^^^^^^^^^^^^^^^^^^^^^^^^^^^^^^^^^^
tests\test_ui\test_response_generation.py:6: in &lt;module&gt;
    from src.services.llm_service import LLMService, get_llm_service
src\services\__init__.py:15: in &lt;module&gt;
    from src.query_service import QueryService
src\query_service.py:8: in &lt;module&gt;
    from src.retrieval.hybrid import HybridRetriever
src\retrieval\hybrid.py:10: in &lt;module&gt;
    from .lexical import LexicalBM25
src\retrieval\lexical.py:5: in &lt;module&gt;
    from rank_bm25 import BM25Okapi
E   ModuleNotFoundError: No module named 'rank_bm25'</error></testcase><testcase classname="" name="project.personal-rag-copilot.tests.test_ui.test_settings_performance" time="0.000"><error message="collection failure">ImportError while importing test module 'C:\Users\click\OneDrive\Documents\roo-sparc-agile-devops-boomerang-starter\project\personal-rag-copilot\tests\test_ui\test_settings_performance.py'.
Hint: make sure your test modules/packages have valid Python names.
Traceback:
C:\Python313\Lib\importlib\__init__.py:88: in import_module
    return _bootstrap._gcd_import(name[level:], package, level)
           ^^^^^^^^^^^^^^^^^^^^^^^^^^^^^^^^^^^^^^^^^^^^^^^^^^^^
tests\test_ui\test_settings_performance.py:5: in &lt;module&gt;
    from src.ui.settings import (
src\ui\__init__.py:3: in &lt;module&gt;
    from .chat import chat_page
src\ui\chat.py:12: in &lt;module&gt;
    from ..evaluation.ragas_integration import (
src\evaluation\ragas_integration.py:12: in &lt;module&gt;
    from ragas import evaluate
E   ModuleNotFoundError: No module named 'ragas'</error></testcase><testcase classname="" name="project.personal-rag-copilot.tests.test_ui.test_settings_pinecone" time="0.000"><error message="collection failure">ImportError while importing test module 'C:\Users\click\OneDrive\Documents\roo-sparc-agile-devops-boomerang-starter\project\personal-rag-copilot\tests\test_ui\test_settings_pinecone.py'.
Hint: make sure your test modules/packages have valid Python names.
Traceback:
C:\Python313\Lib\importlib\__init__.py:88: in import_module
    return _bootstrap._gcd_import(name[level:], package, level)
           ^^^^^^^^^^^^^^^^^^^^^^^^^^^^^^^^^^^^^^^^^^^^^^^^^^^^
tests\test_ui\test_settings_pinecone.py:1: in &lt;module&gt;
    from src.ui.settings import update_field
src\ui\__init__.py:3: in &lt;module&gt;
    from .chat import chat_page
src\ui\chat.py:12: in &lt;module&gt;
    from ..evaluation.ragas_integration import (
src\evaluation\ragas_integration.py:12: in &lt;module&gt;
    from ragas import evaluate
E   ModuleNotFoundError: No module named 'ragas'</error></testcase><testcase classname="" name="project.personal-rag-copilot.tests.test_utils.test_timezone_handling" time="0.000"><error message="collection failure">ImportError while importing test module 'C:\Users\click\OneDrive\Documents\roo-sparc-agile-devops-boomerang-starter\project\personal-rag-copilot\tests\test_utils\test_timezone_handling.py'.
Hint: make sure your test modules/packages have valid Python names.
Traceback:
C:\Python313\Lib\importlib\__init__.py:88: in import_module
    return _bootstrap._gcd_import(name[level:], package, level)
           ^^^^^^^^^^^^^^^^^^^^^^^^^^^^^^^^^^^^^^^^^^^^^^^^^^^^
tests\test_utils\test_timezone_handling.py:11: in &lt;module&gt;
    from src.evaluation.ragas_integration import RagasEvaluator
src\evaluation\ragas_integration.py:12: in &lt;module&gt;
    from ragas import evaluate
E   ModuleNotFoundError: No module named 'ragas'</error></testcase></testsuite></testsuites>